2000.01.06 16:07 B D:\musfiles\Scriabin\scr11-07.mid --> plank.cs.utk.edu /a/cs/ruby/homes/ftp/pub/plank/music/midifiles scr11-07.mid
2000.01.19 10:58 B D:\musfiles\Scriabin\scr08-05.mus --> plank.cs.utk.edu /a/cs/ruby/homes/ftp/pub/plank/music/musfiles scr08-05.mus
2000.01.19 10:59 B D:\musfiles\Scriabin\scr11-05.mus --> plank.cs.utk.edu /a/cs/ruby/homes/ftp/pub/plank/music/musfiles scr11-05.mus
2000.01.19 10:59 B D:\musfiles\Scriabin\scr11-12.mus --> plank.cs.utk.edu /a/cs/ruby/homes/ftp/pub/plank/music/musfiles scr11-12.mus
2000.01.19 10:59 B D:\musfiles\Scriabin\scr11-13.mus --> plank.cs.utk.edu /a/cs/ruby/homes/ftp/pub/plank/music/musfiles scr11-13.mus
2000.01.19 10:59 B D:\musfiles\Scriabin\scr11-15.mus --> plank.cs.utk.edu /a/cs/ruby/homes/ftp/pub/plank/music/musfiles scr11-15.mus
2000.01.19 10:59 B D:\musfiles\Scriabin\scr11-16.mus --> plank.cs.utk.edu /a/cs/ruby/homes/ftp/pub/plank/music/musfiles scr11-16.mus
2000.01.19 10:59 B D:\musfiles\Scriabin\scr11-17.mus --> plank.cs.utk.edu /a/cs/ruby/homes/ftp/pub/plank/music/musfiles scr11-17.mus
2000.01.19 10:59 B D:\musfiles\Scriabin\scr11-18.mus --> plank.cs.utk.edu /a/cs/ruby/homes/ftp/pub/plank/music/musfiles scr11-18.mus
2000.01.19 10:59 B D:\musfiles\Scriabin\scr11-20.mus --> plank.cs.utk.edu /a/cs/ruby/homes/ftp/pub/plank/music/musfiles scr11-20.mus
2000.01.19 10:59 B D:\musfiles\Scriabin\scr11-24.mus --> plank.cs.utk.edu /a/cs/ruby/homes/ftp/pub/plank/music/musfiles scr11-24.mus
2000.01.19 11:00 B D:\musfiles\Scriabin\scr15-04.mus --> plank.cs.utk.edu /a/cs/ruby/homes/ftp/pub/plank/music/musfiles scr15-04.mus
2000.01.19 11:00 B D:\musfiles\Scriabin\scr42-05.mus --> plank.cs.utk.edu /a/cs/ruby/homes/ftp/pub/plank/music/musfiles scr42-05.mus
2000.01.19 11:00 B D:\musfiles\Scriabin\scr11-07-01-07-00.mid --> plank.cs.utk.edu /a/cs/ruby/homes/ftp/pub/plank/music/musfiles scr11-07-01-07-00.mid
2000.02.16 09:40 B D:\musfiles\Scriabin\scr08-05.mus --> plank.cs.utk.edu /a/cs/ruby/homes/ftp/pub/plank/music/musfiles scr08-05.mus
2000.02.16 09:42 B D:\musfiles\Scriabin\scr11-05.mus --> plank.cs.utk.edu /a/cs/ruby/homes/ftp/pub/plank/music/musfiles scr11-05.mus
2000.02.16 09:42 B D:\musfiles\Scriabin\scr11-06.mus --> plank.cs.utk.edu /a/cs/ruby/homes/ftp/pub/plank/music/musfiles scr11-06.mus
2000.02.16 09:42 B D:\musfiles\Scriabin\scr42-05.mus --> plank.cs.utk.edu /a/cs/ruby/homes/ftp/pub/plank/music/musfiles scr42-05.mus
2000.03.06 11:41 B D:\musfiles\Scriabin\scr11-01.mus --> plank.cs.utk.edu /blugreen/homes/plank/work scr11-01.mus
2000.03.06 11:41 B D:\musfiles\Scriabin\scr11-06.mus --> plank.cs.utk.edu /blugreen/homes/plank/work scr11-06.mus
2000.03.06 11:41 B D:\musfiles\Scriabin\scr11-07.mus --> plank.cs.utk.edu /blugreen/homes/plank/work scr11-07.mus
2000.03.06 11:41 B D:\musfiles\Scriabin\scr11-08.mus --> plank.cs.utk.edu /blugreen/homes/plank/work scr11-08.mus
2000.03.06 11:41 B D:\musfiles\Scriabin\scr11-09.mus --> plank.cs.utk.edu /blugreen/homes/plank/work scr11-09.mus
2000.03.06 11:41 B D:\musfiles\Scriabin\scr11-14.mus --> plank.cs.utk.edu /blugreen/homes/plank/work scr11-14.mus
2000.03.06 11:55 B D:\musfiles\Scriabin\scriabin-preludes.mus <-- plank /blugreen/homes/plank/work scriabin-preludes.mus
2000.03.06 12:01 B D:\musfiles\Scriabin\scriabin-preludes.mus <-- plank /blugreen/homes/plank/work scriabin-preludes.mus
2000.04.26 09:54 B D:\musfiles\Scriabin\.backup.mus --> plank.cs.utk.edu /greenblu/homes/plank/Musplay/musfiles/Scriabin .backup.mus
2000.04.26 09:54 B D:\musfiles\Scriabin\bunch-o-scriabin.pll --> plank.cs.utk.edu /greenblu/homes/plank/Musplay/musfiles/Scriabin bunch-o-scriabin.pll
2000.04.26 09:54 B D:\musfiles\Scriabin\playlist.pll --> plank.cs.utk.edu /greenblu/homes/plank/Musplay/musfiles/Scriabin playlist.pll
2000.04.26 09:54 B D:\musfiles\Scriabin\scr02-01.mus --> plank.cs.utk.edu /greenblu/homes/plank/Musplay/musfiles/Scriabin scr02-01.mus
2000.04.26 09:54 B D:\musfiles\Scriabin\scr08-05.mus --> plank.cs.utk.edu /greenblu/homes/plank/Musplay/musfiles/Scriabin scr08-05.mus
2000.04.26 09:54 B D:\musfiles\Scriabin\scr11-01.mus --> plank.cs.utk.edu /greenblu/homes/plank/Musplay/musfiles/Scriabin scr11-01.mus
2000.04.26 09:54 B D:\musfiles\Scriabin\scr11-02.mus --> plank.cs.utk.edu /greenblu/homes/plank/Musplay/musfiles/Scriabin scr11-02.mus
2000.04.26 09:54 B D:\musfiles\Scriabin\scr11-03.mus --> plank.cs.utk.edu /greenblu/homes/plank/Musplay/musfiles/Scriabin scr11-03.mus
2000.04.26 09:54 B D:\musfiles\Scriabin\scr11-04.mus --> plank.cs.utk.edu /greenblu/homes/plank/Musplay/musfiles/Scriabin scr11-04.mus
2000.04.26 09:54 B D:\musfiles\Scriabin\scr11-05.mus --> plank.cs.utk.edu /greenblu/homes/plank/Musplay/musfiles/Scriabin scr11-05.mus
2000.04.26 09:54 B D:\musfiles\Scriabin\scr11-06.mus --> plank.cs.utk.edu /greenblu/homes/plank/Musplay/musfiles/Scriabin scr11-06.mus
2000.04.26 09:54 B D:\musfiles\Scriabin\scr11-07.mus --> plank.cs.utk.edu /greenblu/homes/plank/Musplay/musfiles/Scriabin scr11-07.mus
2000.04.26 09:54 B D:\musfiles\Scriabin\scr11-08.mus --> plank.cs.utk.edu /greenblu/homes/plank/Musplay/musfiles/Scriabin scr11-08.mus
2000.04.26 09:54 B D:\musfiles\Scriabin\scr11-09.mus --> plank.cs.utk.edu /greenblu/homes/plank/Musplay/musfiles/Scriabin scr11-09.mus
2000.04.26 09:54 B D:\musfiles\Scriabin\scr11-10.mus --> plank.cs.utk.edu /greenblu/homes/plank/Musplay/musfiles/Scriabin scr11-10.mus
2000.04.26 09:54 B D:\musfiles\Scriabin\scr11-11.mus --> plank.cs.utk.edu /greenblu/homes/plank/Musplay/musfiles/Scriabin scr11-11.mus
2000.04.26 09:54 B D:\musfiles\Scriabin\scr11-12.mus --> plank.cs.utk.edu /greenblu/homes/plank/Musplay/musfiles/Scriabin scr11-12.mus
2000.04.26 09:54 B D:\musfiles\Scriabin\scr11-13.mus --> plank.cs.utk.edu /greenblu/homes/plank/Musplay/musfiles/Scriabin scr11-13.mus
2000.04.26 09:54 B D:\musfiles\Scriabin\scr11-14.mid --> plank.cs.utk.edu /greenblu/homes/plank/Musplay/musfiles/Scriabin scr11-14.mid
2000.04.26 09:54 B D:\musfiles\Scriabin\scr11-14.mus --> plank.cs.utk.edu /greenblu/homes/plank/Musplay/musfiles/Scriabin scr11-14.mus
2000.04.26 09:54 B D:\musfiles\Scriabin\scr11-15.mus --> plank.cs.utk.edu /greenblu/homes/plank/Musplay/musfiles/Scriabin scr11-15.mus
2000.04.26 09:54 B D:\musfiles\Scriabin\scr11-16.mus --> plank.cs.utk.edu /greenblu/homes/plank/Musplay/musfiles/Scriabin scr11-16.mus
2000.04.26 09:54 B D:\musfiles\Scriabin\scr11-17.mus --> plank.cs.utk.edu /greenblu/homes/plank/Musplay/musfiles/Scriabin scr11-17.mus
2000.04.26 09:54 B D:\musfiles\Scriabin\scr11-18.mus --> plank.cs.utk.edu /greenblu/homes/plank/Musplay/musfiles/Scriabin scr11-18.mus
2000.04.26 09:54 B D:\musfiles\Scriabin\scr11-20.mus --> plank.cs.utk.edu /greenblu/homes/plank/Musplay/musfiles/Scriabin scr11-20.mus
2000.04.26 09:54 B D:\musfiles\Scriabin\scr11-24.mid --> plank.cs.utk.edu /greenblu/homes/plank/Musplay/musfiles/Scriabin scr11-24.mid
2000.04.26 09:54 B D:\musfiles\Scriabin\scr11-24.mus --> plank.cs.utk.edu /greenblu/homes/plank/Musplay/musfiles/Scriabin scr11-24.mus
2000.04.26 09:54 B D:\musfiles\Scriabin\scr15-04.mus --> plank.cs.utk.edu /greenblu/homes/plank/Musplay/musfiles/Scriabin scr15-04.mus
2000.04.26 09:54 B D:\musfiles\Scriabin\scr22-1.mus --> plank.cs.utk.edu /greenblu/homes/plank/Musplay/musfiles/Scriabin scr22-1.mus
2000.04.26 09:54 B D:\musfiles\Scriabin\scr42-05.mid --> plank.cs.utk.edu /greenblu/homes/plank/Musplay/musfiles/Scriabin scr42-05.mid
2000.04.26 09:54 B D:\musfiles\Scriabin\scr42-05.mus --> plank.cs.utk.edu /greenblu/homes/plank/Musplay/musfiles/Scriabin scr42-05.mus
2000.04.26 09:54 B D:\musfiles\Scriabin\trace.txt --> plank.cs.utk.edu /greenblu/homes/plank/Musplay/musfiles/Scriabin trace.txt
