1999.08.11 15:31 B C:\musfiles\alb-cordoba.mus <-- plank /a/cs/ruby/homes/ftp/pub/plank/music/musfiles alb-cordoba.mus
1999.08.11 15:31 B C:\musfiles\bach-p6.mus <-- plank /a/cs/ruby/homes/ftp/pub/plank/music/musfiles bach-p6.mus
1999.08.11 15:31 B C:\musfiles\beeth-moonlight.mus <-- plank /a/cs/ruby/homes/ftp/pub/plank/music/musfiles beeth-moonlight.mus
1999.08.11 15:31 B C:\musfiles\bibbidi.mus <-- plank /a/cs/ruby/homes/ftp/pub/plank/music/musfiles bibbidi.mus
1999.08.11 15:31 B C:\musfiles\bingo.mus <-- plank /a/cs/ruby/homes/ftp/pub/plank/music/musfiles bingo.mus
1999.08.11 15:31 B C:\musfiles\brahms-hd5.mus <-- plank /a/cs/ruby/homes/ftp/pub/plank/music/musfiles brahms-hd5.mus
1999.08.11 15:31 B C:\musfiles\brother-john.mus <-- plank /a/cs/ruby/homes/ftp/pub/plank/music/musfiles brother-john.mus
1999.08.11 15:31 B C:\musfiles\ch06-1.mus <-- plank /a/cs/ruby/homes/ftp/pub/plank/music/musfiles ch06-1.mus
1999.08.11 15:32 B C:\musfiles\ch09-2.mus <-- plank /a/cs/ruby/homes/ftp/pub/plank/music/musfiles ch09-2.mus
1999.08.11 15:32 B C:\musfiles\ch18.mus <-- plank /a/cs/ruby/homes/ftp/pub/plank/music/musfiles ch18.mus
1999.08.11 15:32 B C:\musfiles\ch24-12.mus <-- plank /a/cs/ruby/homes/ftp/pub/plank/music/musfiles ch24-12.mus
1999.08.11 15:32 B C:\musfiles\ch28-14.mus <-- plank /a/cs/ruby/homes/ftp/pub/plank/music/musfiles ch28-14.mus
1999.08.11 15:32 B C:\musfiles\ch28-15.mus <-- plank /a/cs/ruby/homes/ftp/pub/plank/music/musfiles ch28-15.mus
1999.08.11 15:32 B C:\musfiles\ch28-22.mus <-- plank /a/cs/ruby/homes/ftp/pub/plank/music/musfiles ch28-22.mus
1999.08.11 15:32 B C:\musfiles\ch40-1.mus <-- plank /a/cs/ruby/homes/ftp/pub/plank/music/musfiles ch40-1.mus
1999.08.11 15:32 B C:\musfiles\ch44.mus <-- plank /a/cs/ruby/homes/ftp/pub/plank/music/musfiles ch44.mus
1999.08.11 15:32 B C:\musfiles\chb1.mus <-- plank /a/cs/ruby/homes/ftp/pub/plank/music/musfiles chb1.mus
1999.08.11 15:32 B C:\musfiles\chb3.mus <-- plank /a/cs/ruby/homes/ftp/pub/plank/music/musfiles chb3.mus
1999.08.11 15:32 B C:\musfiles\clair.mus <-- plank /a/cs/ruby/homes/ftp/pub/plank/music/musfiles clair.mus
1999.08.11 15:32 B C:\musfiles\farmer.mus <-- plank /a/cs/ruby/homes/ftp/pub/plank/music/musfiles farmer.mus
1999.08.11 15:32 B C:\musfiles\fur.mus <-- plank /a/cs/ruby/homes/ftp/pub/plank/music/musfiles fur.mus
1999.08.11 15:32 B C:\musfiles\golden_bells.mus <-- plank /a/cs/ruby/homes/ftp/pub/plank/music/musfiles golden_bells.mus
1999.08.11 15:32 B C:\musfiles\how-great.mus <-- plank /a/cs/ruby/homes/ftp/pub/plank/music/musfiles how-great.mus
1999.08.11 15:32 B C:\musfiles\index.html <-- plank /a/cs/ruby/homes/ftp/pub/plank/music/musfiles index.html
1999.08.11 15:32 B C:\musfiles\ipanema.mus <-- plank /a/cs/ruby/homes/ftp/pub/plank/music/musfiles ipanema.mus
1999.08.11 15:32 B C:\musfiles\liszt-hr3.mus <-- plank /a/cs/ruby/homes/ftp/pub/plank/music/musfiles liszt-hr3.mus
1999.08.11 15:32 B C:\musfiles\liszt-nuages.mus <-- plank /a/cs/ruby/homes/ftp/pub/plank/music/musfiles liszt-nuages.mus
1999.08.11 15:32 B C:\musfiles\little-dog.mus <-- plank /a/cs/ruby/homes/ftp/pub/plank/music/musfiles little-dog.mus
1999.08.11 15:32 B C:\musfiles\peter-cottontail.mus <-- plank /a/cs/ruby/homes/ftp/pub/plank/music/musfiles peter-cottontail.mus
1999.08.11 15:32 B C:\musfiles\pre.mus <-- plank /a/cs/ruby/homes/ftp/pub/plank/music/musfiles pre.mus
1999.08.11 15:32 B C:\musfiles\prok-vf01.mus <-- plank /a/cs/ruby/homes/ftp/pub/plank/music/musfiles prok-vf01.mus
1999.08.11 15:32 B C:\musfiles\prok-vf02.mus <-- plank /a/cs/ruby/homes/ftp/pub/plank/music/musfiles prok-vf02.mus
1999.08.11 15:32 B C:\musfiles\prok-vf07.mus <-- plank /a/cs/ruby/homes/ftp/pub/plank/music/musfiles prok-vf07.mus
1999.08.11 15:32 B C:\musfiles\prok12-8.mus <-- plank /a/cs/ruby/homes/ftp/pub/plank/music/musfiles prok12-8.mus
1999.08.11 15:32 B C:\musfiles\prok7-3.mus <-- plank /a/cs/ruby/homes/ftp/pub/plank/music/musfiles prok7-3.mus
1999.08.11 15:32 B C:\musfiles\rach23-4.mus <-- plank /a/cs/ruby/homes/ftp/pub/plank/music/musfiles rach23-4.mus
1999.08.11 15:32 B C:\musfiles\rach23-5.mus <-- plank /a/cs/ruby/homes/ftp/pub/plank/music/musfiles rach23-5.mus
1999.08.11 15:32 B C:\musfiles\rach3-1.mus <-- plank /a/cs/ruby/homes/ftp/pub/plank/music/musfiles rach3-1.mus
1999.08.11 15:32 B C:\musfiles\rach39-4.mus <-- plank /a/cs/ruby/homes/ftp/pub/plank/music/musfiles rach39-4.mus
1999.08.11 15:32 B C:\musfiles\rach39-9.mus <-- plank /a/cs/ruby/homes/ftp/pub/plank/music/musfiles rach39-9.mus
1999.08.11 15:32 B C:\musfiles\rav-ma.mus <-- plank /a/cs/ruby/homes/ftp/pub/plank/music/musfiles rav-ma.mus
1999.08.11 15:32 B C:\musfiles\rav-tomb-forlane.mus <-- plank /a/cs/ruby/homes/ftp/pub/plank/music/musfiles rav-tomb-forlane.mus
1999.08.11 15:32 B C:\musfiles\s11-10.mus <-- plank /a/cs/ruby/homes/ftp/pub/plank/music/musfiles s11-10.mus
1999.08.11 15:32 B C:\musfiles\satie-colin.mus <-- plank /a/cs/ruby/homes/ftp/pub/plank/music/musfiles satie-colin.mus
1999.08.11 15:32 B C:\musfiles\Satie-Gym-1.mus <-- plank /a/cs/ruby/homes/ftp/pub/plank/music/musfiles Satie-Gym-1.mus
1999.08.11 15:32 B C:\musfiles\Satie-Gym-2.mus <-- plank /a/cs/ruby/homes/ftp/pub/plank/music/musfiles Satie-Gym-2.mus
1999.08.11 15:32 B C:\musfiles\Satie-Gym-3.mus <-- plank /a/cs/ruby/homes/ftp/pub/plank/music/musfiles Satie-Gym-3.mus
1999.08.11 15:32 B C:\musfiles\satie-yachting.mus <-- plank /a/cs/ruby/homes/ftp/pub/plank/music/musfiles satie-yachting.mus
1999.08.11 15:32 B C:\musfiles\scar-C.mus <-- plank /a/cs/ruby/homes/ftp/pub/plank/music/musfiles scar-C.mus
1999.08.11 15:32 B C:\musfiles\scarborough.mus <-- plank /a/cs/ruby/homes/ftp/pub/plank/music/musfiles scarborough.mus
1999.08.11 15:32 B C:\musfiles\schm15-12.mus <-- plank /a/cs/ruby/homes/ftp/pub/plank/music/musfiles schm15-12.mus
1999.08.11 15:32 B C:\musfiles\schm2.mus <-- plank /a/cs/ruby/homes/ftp/pub/plank/music/musfiles schm2.mus
1999.08.11 15:32 B C:\musfiles\schu143-1.mus <-- plank /a/cs/ruby/homes/ftp/pub/plank/music/musfiles schu143-1.mus
1999.08.11 15:32 B C:\musfiles\scr11-6.mus <-- plank /a/cs/ruby/homes/ftp/pub/plank/music/musfiles scr11-6.mus
1999.08.11 15:32 B C:\musfiles\scr22-1.mus <-- plank /a/cs/ruby/homes/ftp/pub/plank/music/musfiles scr22-1.mus
1999.08.11 15:32 B C:\musfiles\soler_R88_Db.mus <-- plank /a/cs/ruby/homes/ftp/pub/plank/music/musfiles soler_R88_Db.mus
1999.08.11 15:32 B C:\musfiles\Titanic.mus <-- plank /a/cs/ruby/homes/ftp/pub/plank/music/musfiles Titanic.mus
1999.08.11 15:32 B C:\musfiles\yesterday.mus <-- plank /a/cs/ruby/homes/ftp/pub/plank/music/musfiles yesterday.mus
1999.08.24 14:17 B C:\musfiles\ch18.mus --> plank.cs.utk.edu /blugreen/homes/plank/work ch18.mus
1999.08.31 14:12 B C:\musfiles\alb-cordoba.mus --> plank.cs.utk.edu /a/cs/ruby/homes/ftp/pub/plank/music/musfiles alb-cordoba.mus
1999.08.31 14:12 B C:\musfiles\ch18.mus --> plank.cs.utk.edu /a/cs/ruby/homes/ftp/pub/plank/music/musfiles ch18.mus
1999.08.31 14:13 B C:\musfiles\Titanic.mus --> plank.cs.utk.edu /a/cs/ruby/homes/ftp/pub/plank/music/musfiles Titanic.mus
1999.08.31 14:13 B C:\musfiles\rav-pavane.mus --> plank.cs.utk.edu /a/cs/ruby/homes/ftp/pub/plank/music/musfiles rav-pavane.mus
1999.09.01 12:01 B C:\musfiles\rav-pavane.mus --> 128.169.95.107 /a/cs/ruby/homes/ftp/pub/plank/music/musfiles rav-pavane.mus
1999.09.01 12:02 B C:\musfiles\MusPlay.exe --> 128.169.95.107 /a/cs/ruby/homes/ftp/pub/plank/music/executable/small MusPlay.exe
1999.09.09 08:22 B D:\musfiles\ch42.mus --> 128.169.95.107 /blugreen/homes/plank/work ch42.mus
1999.09.09 08:22 B D:\musfiles\rav-pavane.mus --> 128.169.95.107 /blugreen/homes/plank/work rav-pavane.mus
1999.12.01 04:31 B D:\musfiles\mus-PAE.mus <-- plank /blugreen/homes/plank/src/mus2mid mus-PAE.mus
1999.12.12 22:27 B D:\musfiles\alb-cordoba.mid --> plank.cs.utk.edu /blugreen/homes/plank/work/musplay alb-cordoba.mid
1999.12.12 22:27 B D:\musfiles\alb-cordoba.mid --> plank.cs.utk.edu /blugreen/homes/plank/work/musplay/musfiles alb-cordoba.mid
1999.12.12 22:27 B D:\musfiles\alb-cordoba.mus --> plank.cs.utk.edu /blugreen/homes/plank/work/musplay/musfiles alb-cordoba.mus
1999.12.12 22:27 B D:\musfiles\Appas.mus --> plank.cs.utk.edu /blugreen/homes/plank/work/musplay/musfiles Appas.mus
1999.12.12 22:28 B D:\musfiles\bach-p6.mus --> plank.cs.utk.edu /blugreen/homes/plank/work/musplay/musfiles bach-p6.mus
1999.12.12 22:28 B D:\musfiles\basic.prm --> plank.cs.utk.edu /blugreen/homes/plank/work/musplay/musfiles basic.prm
1999.12.12 22:28 B D:\musfiles\beeth-moonlight.mus --> plank.cs.utk.edu /blugreen/homes/plank/work/musplay/musfiles beeth-moonlight.mus
1999.12.12 22:28 B D:\musfiles\beeth-tm.mus --> plank.cs.utk.edu /blugreen/homes/plank/work/musplay/musfiles beeth-tm.mus
1999.12.12 22:28 B D:\musfiles\beeth126-4.mus --> plank.cs.utk.edu /blugreen/homes/plank/work/musplay/musfiles beeth126-4.mus
1999.12.12 22:28 B D:\musfiles\beeth57-1-swap.mus --> plank.cs.utk.edu /blugreen/homes/plank/work/musplay/musfiles beeth57-1-swap.mus
1999.12.12 22:28 B D:\musfiles\beeth57-1.mus --> plank.cs.utk.edu /blugreen/homes/plank/work/musplay/musfiles beeth57-1.mus
1999.12.12 22:28 B D:\musfiles\bibbidi.mus --> plank.cs.utk.edu /blugreen/homes/plank/work/musplay/musfiles bibbidi.mus
1999.12.12 22:28 B D:\musfiles\bingo.mus --> plank.cs.utk.edu /blugreen/homes/plank/work/musplay/musfiles bingo.mus
1999.12.12 22:28 B D:\musfiles\brahms-hd5.mid --> plank.cs.utk.edu /blugreen/homes/plank/work/musplay/musfiles brahms-hd5.mid
1999.12.12 22:28 B D:\musfiles\brahms-hd5.mus --> plank.cs.utk.edu /blugreen/homes/plank/work/musplay/musfiles brahms-hd5.mus
1999.12.12 22:28 B D:\musfiles\brother-john.mus --> plank.cs.utk.edu /blugreen/homes/plank/work/musplay/musfiles brother-john.mus
1999.12.12 22:28 B D:\musfiles\ch06-1.mus --> plank.cs.utk.edu /blugreen/homes/plank/work/musplay/musfiles ch06-1.mus
1999.12.12 22:28 B D:\musfiles\ch09-2.mus --> plank.cs.utk.edu /blugreen/homes/plank/work/musplay/musfiles ch09-2.mus
1999.12.12 22:28 B D:\musfiles\ch18-save.mid --> plank.cs.utk.edu /blugreen/homes/plank/work/musplay/musfiles ch18-save.mid
1999.12.12 22:28 B D:\musfiles\ch18.mid --> plank.cs.utk.edu /blugreen/homes/plank/work/musplay/musfiles ch18.mid
1999.12.12 22:29 B D:\musfiles\ch18.mus --> plank.cs.utk.edu /blugreen/homes/plank/work/musplay/musfiles ch18.mus
1999.12.12 22:29 B D:\musfiles\ch18a --> plank.cs.utk.edu /blugreen/homes/plank/work/musplay/musfiles ch18a
1999.12.12 22:29 B D:\musfiles\ch24-12.mus --> plank.cs.utk.edu /blugreen/homes/plank/work/musplay/musfiles ch24-12.mus
1999.12.12 22:29 B D:\musfiles\ch28-14.mus --> plank.cs.utk.edu /blugreen/homes/plank/work/musplay/musfiles ch28-14.mus
1999.12.12 22:29 B D:\musfiles\ch28-15.mus --> plank.cs.utk.edu /blugreen/homes/plank/work/musplay/musfiles ch28-15.mus
1999.12.12 22:29 B D:\musfiles\ch28-15mid --> plank.cs.utk.edu /blugreen/homes/plank/work/musplay/musfiles ch28-15mid
1999.12.12 22:29 B D:\musfiles\ch28-22.mus --> plank.cs.utk.edu /blugreen/homes/plank/work/musplay/musfiles ch28-22.mus
1999.12.12 22:29 B D:\musfiles\ch31.mid --> plank.cs.utk.edu /blugreen/homes/plank/work/musplay/musfiles ch31.mid
1999.12.12 22:29 B D:\musfiles\ch31.mus --> plank.cs.utk.edu /blugreen/homes/plank/work/musplay/musfiles ch31.mus
1999.12.12 22:29 B D:\musfiles\ch40-1.mid --> plank.cs.utk.edu /blugreen/homes/plank/work/musplay/musfiles ch40-1.mid
1999.12.12 22:29 B D:\musfiles\ch40-1.mus --> plank.cs.utk.edu /blugreen/homes/plank/work/musplay/musfiles ch40-1.mus
1999.12.12 22:29 B D:\musfiles\ch42.mid --> plank.cs.utk.edu /blugreen/homes/plank/work/musplay/musfiles ch42.mid
1999.12.12 22:30 B D:\musfiles\ch42.mis --> plank.cs.utk.edu /blugreen/homes/plank/work/musplay/musfiles ch42.mis
1999.12.12 22:30 B D:\musfiles\ch42.mus --> plank.cs.utk.edu /blugreen/homes/plank/work/musplay/musfiles ch42.mus
1999.12.12 22:30 B D:\musfiles\ch44.mus --> plank.cs.utk.edu /blugreen/homes/plank/work/musplay/musfiles ch44.mus
1999.12.12 22:30 B D:\musfiles\ch58-3.mus --> plank.cs.utk.edu /blugreen/homes/plank/work/musplay/musfiles ch58-3.mus
1999.12.12 22:30 B D:\musfiles\chb1.mid --> plank.cs.utk.edu /blugreen/homes/plank/work/musplay/musfiles chb1.mid
1999.12.12 22:30 B D:\musfiles\chb1.mus --> plank.cs.utk.edu /blugreen/homes/plank/work/musplay/musfiles chb1.mus
1999.12.12 22:31 B D:\musfiles\chb3.mid --> plank.cs.utk.edu /blugreen/homes/plank/work/musplay/musfiles chb3.mid
1999.12.12 22:31 B D:\musfiles\chb3.mus --> plank.cs.utk.edu /blugreen/homes/plank/work/musplay/musfiles chb3.mus
1999.12.12 22:31 B D:\musfiles\clair.mus --> plank.cs.utk.edu /blugreen/homes/plank/work/musplay/musfiles clair.mus
1999.12.12 22:31 B D:\musfiles\Copy of pavane.mus --> plank.cs.utk.edu /blugreen/homes/plank/work/musplay/musfiles Copy of pavane.mus
1999.12.12 22:31 B D:\musfiles\deb-berg-prelude.mus --> plank.cs.utk.edu /blugreen/homes/plank/work/musplay/musfiles deb-berg-prelude.mus
1999.12.12 22:31 B D:\musfiles\falla-molinera.mus --> plank.cs.utk.edu /blugreen/homes/plank/work/musplay/musfiles falla-molinera.mus
1999.12.12 22:31 B D:\musfiles\falla-sd2.mus --> plank.cs.utk.edu /blugreen/homes/plank/work/musplay/musfiles falla-sd2.mus
1999.12.12 22:31 B D:\musfiles\farmer.mus --> plank.cs.utk.edu /blugreen/homes/plank/work/musplay/musfiles farmer.mus
1999.12.12 22:31 B D:\musfiles\fur.mus --> plank.cs.utk.edu /blugreen/homes/plank/work/musplay/musfiles fur.mus
1999.12.12 22:31 B D:\musfiles\golden_bells.mus --> plank.cs.utk.edu /blugreen/homes/plank/work/musplay/musfiles golden_bells.mus
1999.12.12 22:31 B D:\musfiles\how-great.mus --> plank.cs.utk.edu /blugreen/homes/plank/work/musplay/musfiles how-great.mus
1999.12.12 22:31 B D:\musfiles\index.html --> plank.cs.utk.edu /blugreen/homes/plank/work/musplay/musfiles index.html
1999.12.12 22:31 B D:\musfiles\ipanema.mid --> plank.cs.utk.edu /blugreen/homes/plank/work/musplay/musfiles ipanema.mid
1999.12.12 22:31 B D:\musfiles\ipanema.mus --> plank.cs.utk.edu /blugreen/homes/plank/work/musplay/musfiles ipanema.mus
1999.12.12 22:31 B D:\musfiles\katie-pre.mid --> plank.cs.utk.edu /blugreen/homes/plank/work/musplay/musfiles katie-pre.mid
1999.12.12 22:31 B D:\musfiles\kld --> plank.cs.utk.edu /blugreen/homes/plank/work/musplay/musfiles kld
1999.12.12 22:31 B D:\musfiles\kld.mid --> plank.cs.utk.edu /blugreen/homes/plank/work/musplay/musfiles kld.mid
1999.12.12 22:31 B D:\musfiles\lh1.prm --> plank.cs.utk.edu /blugreen/homes/plank/work/musplay/musfiles lh1.prm
1999.12.12 22:31 B D:\musfiles\lh2.prm --> plank.cs.utk.edu /blugreen/homes/plank/work/musplay/musfiles lh2.prm
1999.12.12 22:32 B D:\musfiles\lh3rip.prm --> plank.cs.utk.edu /blugreen/homes/plank/work/musplay/musfiles lh3rip.prm
1999.12.12 22:32 B D:\musfiles\lhrip.prm --> plank.cs.utk.edu /blugreen/homes/plank/work/musplay/musfiles lhrip.prm
1999.12.12 22:32 B D:\musfiles\liszt-hr3.mus --> plank.cs.utk.edu /blugreen/homes/plank/work/musplay/musfiles liszt-hr3.mus
1999.12.12 22:32 B D:\musfiles\liszt-nuages.mus --> plank.cs.utk.edu /blugreen/homes/plank/work/musplay/musfiles liszt-nuages.mus
1999.12.12 22:32 B D:\musfiles\liszt-valse-oubliee --> plank.cs.utk.edu /blugreen/homes/plank/work/musplay/musfiles liszt-valse-oubliee
1999.12.12 22:32 B D:\musfiles\little-dog.mid --> plank.cs.utk.edu /blugreen/homes/plank/work/musplay/musfiles little-dog.mid
1999.12.12 22:32 B D:\musfiles\little-dog.mus --> plank.cs.utk.edu /blugreen/homes/plank/work/musplay/musfiles little-dog.mus
1999.12.12 22:32 B D:\musfiles\mus-PAE-prom.mid --> plank.cs.utk.edu /blugreen/homes/plank/work/musplay/musfiles mus-PAE-prom.mid
1999.12.12 22:32 B D:\musfiles\mus-PAE.mid --> plank.cs.utk.edu /blugreen/homes/plank/work/musplay/musfiles mus-PAE.mid
1999.12.12 22:32 B D:\musfiles\mus-PAE.mus --> plank.cs.utk.edu /blugreen/homes/plank/work/musplay/musfiles mus-PAE.mus
1999.12.12 22:33 B D:\musfiles\Musplay - test.exe --> plank.cs.utk.edu /blugreen/homes/plank/work/musplay/musfiles Musplay - test.exe
1999.12.12 22:34 B D:\musfiles\MusPlay.exe --> plank.cs.utk.edu /blugreen/homes/plank/work/musplay/musfiles MusPlay.exe
1999.12.12 22:36 B D:\musfiles\Musplay2.exe --> plank.cs.utk.edu /blugreen/homes/plank/work/musplay/musfiles Musplay2.exe
1999.12.12 22:36 B D:\musfiles\pavane.mid --> plank.cs.utk.edu /blugreen/homes/plank/work/musplay/musfiles pavane.mid
1999.12.12 22:36 B D:\musfiles\peter-cottontail.mus --> plank.cs.utk.edu /blugreen/homes/plank/work/musplay/musfiles peter-cottontail.mus
1999.12.12 22:36 B D:\musfiles\pre.mid --> plank.cs.utk.edu /blugreen/homes/plank/work/musplay/musfiles pre.mid
1999.12.12 22:36 B D:\musfiles\pre.mus --> plank.cs.utk.edu /blugreen/homes/plank/work/musplay/musfiles pre.mus
1999.12.12 22:36 B D:\musfiles\prok-toccata.mus --> plank.cs.utk.edu /blugreen/homes/plank/work/musplay/musfiles prok-toccata.mus
1999.12.12 22:36 B D:\musfiles\prok-vf01.mus --> plank.cs.utk.edu /blugreen/homes/plank/work/musplay/musfiles prok-vf01.mus
1999.12.12 22:36 B D:\musfiles\prok-vf02.mus --> plank.cs.utk.edu /blugreen/homes/plank/work/musplay/musfiles prok-vf02.mus
1999.12.12 22:36 B D:\musfiles\prok-vf07.mus --> plank.cs.utk.edu /blugreen/homes/plank/work/musplay/musfiles prok-vf07.mus
1999.12.12 22:36 B D:\musfiles\prok-vf15.mus --> plank.cs.utk.edu /blugreen/homes/plank/work/musplay/musfiles prok-vf15.mus
1999.12.12 22:36 B D:\musfiles\prok12-8.mus --> plank.cs.utk.edu /blugreen/homes/plank/work/musplay/musfiles prok12-8.mus
1999.12.12 22:36 B D:\musfiles\prok7-3.mus --> plank.cs.utk.edu /blugreen/homes/plank/work/musplay/musfiles prok7-3.mus
1999.12.12 22:36 B D:\musfiles\prokvf-14.mid --> plank.cs.utk.edu /blugreen/homes/plank/work/musplay/musfiles prokvf-14.mid
1999.12.12 22:36 B D:\musfiles\prokvf-14.mus --> plank.cs.utk.edu /blugreen/homes/plank/work/musplay/musfiles prokvf-14.mus
1999.12.12 22:36 B D:\musfiles\rach23-4.mus --> plank.cs.utk.edu /blugreen/homes/plank/work/musplay/musfiles rach23-4.mus
1999.12.12 22:36 B D:\musfiles\rach23-5.mid --> plank.cs.utk.edu /blugreen/homes/plank/work/musplay/musfiles rach23-5.mid
1999.12.12 22:37 B D:\musfiles\rach23-5.mus --> plank.cs.utk.edu /blugreen/homes/plank/work/musplay/musfiles rach23-5.mus
1999.12.12 22:37 B D:\musfiles\rach3-1.mid --> plank.cs.utk.edu /blugreen/homes/plank/work/musplay/musfiles rach3-1.mid
1999.12.12 22:37 B D:\musfiles\rach3-1.mus --> plank.cs.utk.edu /blugreen/homes/plank/work/musplay/musfiles rach3-1.mus
1999.12.12 22:37 B D:\musfiles\rach32-10.mus --> plank.cs.utk.edu /blugreen/homes/plank/work/musplay/musfiles rach32-10.mus
1999.12.12 22:37 B D:\musfiles\rach32-2.mus --> plank.cs.utk.edu /blugreen/homes/plank/work/musplay/musfiles rach32-2.mus
1999.12.12 22:37 B D:\musfiles\rach39-4.2.mid --> plank.cs.utk.edu /blugreen/homes/plank/work/musplay/musfiles rach39-4.2.mid
1999.12.12 22:37 B D:\musfiles\rach39-4.mid --> plank.cs.utk.edu /blugreen/homes/plank/work/musplay/musfiles rach39-4.mid
1999.12.12 22:37 B D:\musfiles\rach39-4.mus --> plank.cs.utk.edu /blugreen/homes/plank/work/musplay/musfiles rach39-4.mus
1999.12.12 22:37 B D:\musfiles\rach39-8.mus --> plank.cs.utk.edu /blugreen/homes/plank/work/musplay/musfiles rach39-8.mus
1999.12.12 22:37 B D:\musfiles\rach39-9-end.mid --> plank.cs.utk.edu /blugreen/homes/plank/work/musplay/musfiles rach39-9-end.mid
1999.12.12 22:37 B D:\musfiles\rach39-9.mid --> plank.cs.utk.edu /blugreen/homes/plank/work/musplay/musfiles rach39-9.mid
1999.12.12 22:38 B D:\musfiles\rach39-9.mus --> plank.cs.utk.edu /blugreen/homes/plank/work/musplay/musfiles rach39-9.mus
1999.12.12 22:38 B D:\musfiles\rav-jeux.mus --> plank.cs.utk.edu /blugreen/homes/plank/work/musplay/musfiles rav-jeux.mus
1999.12.12 22:38 B D:\musfiles\rav-ma.mid --> plank.cs.utk.edu /blugreen/homes/plank/work/musplay/musfiles rav-ma.mid
1999.12.12 22:38 B D:\musfiles\rav-ma.mus --> plank.cs.utk.edu /blugreen/homes/plank/work/musplay/musfiles rav-ma.mus
1999.12.12 22:38 B D:\musfiles\rav-pavane.mid --> plank.cs.utk.edu /blugreen/homes/plank/work/musplay/musfiles rav-pavane.mid
1999.12.12 22:38 B D:\musfiles\rav-pavane.mus --> plank.cs.utk.edu /blugreen/homes/plank/work/musplay/musfiles rav-pavane.mus
1999.12.12 22:38 B D:\musfiles\rav-tomb-forlane.mus --> plank.cs.utk.edu /blugreen/homes/plank/work/musplay/musfiles rav-tomb-forlane.mus
1999.12.12 22:38 B D:\musfiles\rh1.prm --> plank.cs.utk.edu /blugreen/homes/plank/work/musplay/musfiles rh1.prm
1999.12.12 22:38 B D:\musfiles\rh2.prm --> plank.cs.utk.edu /blugreen/homes/plank/work/musplay/musfiles rh2.prm
1999.12.12 22:38 B D:\musfiles\rh2low.prm --> plank.cs.utk.edu /blugreen/homes/plank/work/musplay/musfiles rh2low.prm
1999.12.12 22:38 B D:\musfiles\s11-10.mus --> plank.cs.utk.edu /blugreen/homes/plank/work/musplay/musfiles s11-10.mus
1999.12.12 22:38 B D:\musfiles\satie-colin.mus --> plank.cs.utk.edu /blugreen/homes/plank/work/musplay/musfiles satie-colin.mus
1999.12.12 22:38 B D:\musfiles\satie-gym-1.mid --> plank.cs.utk.edu /blugreen/homes/plank/work/musplay/musfiles satie-gym-1.mid
1999.12.12 22:38 B D:\musfiles\Satie-Gym-1.mus --> plank.cs.utk.edu /blugreen/homes/plank/work/musplay/musfiles Satie-Gym-1.mus
1999.12.12 22:38 B D:\musfiles\Satie-Gym-2.mid --> plank.cs.utk.edu /blugreen/homes/plank/work/musplay/musfiles Satie-Gym-2.mid
1999.12.12 22:38 B D:\musfiles\Satie-Gym-2.mus --> plank.cs.utk.edu /blugreen/homes/plank/work/musplay/musfiles Satie-Gym-2.mus
1999.12.12 22:38 B D:\musfiles\Satie-Gym-3.mus --> plank.cs.utk.edu /blugreen/homes/plank/work/musplay/musfiles Satie-Gym-3.mus
1999.12.12 22:39 B D:\musfiles\satie-yachting.mus --> plank.cs.utk.edu /blugreen/homes/plank/work/musplay/musfiles satie-yachting.mus
1999.12.12 22:39 B D:\musfiles\scar-C.mus --> plank.cs.utk.edu /blugreen/homes/plank/work/musplay/musfiles scar-C.mus
1999.12.12 22:39 B D:\musfiles\scarborough.mus --> plank.cs.utk.edu /blugreen/homes/plank/work/musplay/musfiles scarborough.mus
1999.12.12 22:39 B D:\musfiles\schm15-12.mus --> plank.cs.utk.edu /blugreen/homes/plank/work/musplay/musfiles schm15-12.mus
1999.12.12 22:39 B D:\musfiles\schm2.mus --> plank.cs.utk.edu /blugreen/homes/plank/work/musplay/musfiles schm2.mus
1999.12.12 22:39 B D:\musfiles\schu143-1.mid --> plank.cs.utk.edu /blugreen/homes/plank/work/musplay/musfiles schu143-1.mid
1999.12.12 22:39 B D:\musfiles\schu143-1.mus --> plank.cs.utk.edu /blugreen/homes/plank/work/musplay/musfiles schu143-1.mus
1999.12.12 22:39 B D:\musfiles\scr11-6.mus --> plank.cs.utk.edu /blugreen/homes/plank/work/musplay/musfiles scr11-6.mus
1999.12.12 22:39 B D:\musfiles\scr22-1.mus --> plank.cs.utk.edu /blugreen/homes/plank/work/musplay/musfiles scr22-1.mus
1999.12.12 22:39 B D:\musfiles\soler_R88_Db.mus --> plank.cs.utk.edu /blugreen/homes/plank/work/musplay/musfiles soler_R88_Db.mus
1999.12.12 22:40 B D:\musfiles\titanic.mid --> plank.cs.utk.edu /blugreen/homes/plank/work/musplay/musfiles titanic.mid
1999.12.12 22:40 B D:\musfiles\Titanic.mus --> plank.cs.utk.edu /blugreen/homes/plank/work/musplay/musfiles Titanic.mus
1999.12.12 22:40 B D:\musfiles\toccata.prm --> plank.cs.utk.edu /blugreen/homes/plank/work/musplay/musfiles toccata.prm
1999.12.12 22:40 B D:\musfiles\trace.txt --> plank.cs.utk.edu /blugreen/homes/plank/work/musplay/musfiles trace.txt
1999.12.12 22:40 B D:\musfiles\WS_FTP.LOG --> plank.cs.utk.edu /blugreen/homes/plank/work/musplay/musfiles WS_FTP.LOG
1999.12.12 22:40 B D:\musfiles\yesterday.mus --> plank.cs.utk.edu /blugreen/homes/plank/work/musplay/musfiles yesterday.mus
2000.01.05 15:04 B D:\musfiles\schu2.mid <-- plank /a/cs/ruby/homes/ftp/pub/plank/music/midifiles schu2.mid
2000.01.05 15:33 B D:\musfiles\rach39-4.mid --> plank.cs.utk.edu /a/cs/ruby/homes/ftp/pub/plank/music/midifiles rach39-4.mid
2000.01.05 15:33 B D:\musfiles\scr11-07.mid --> plank.cs.utk.edu /a/cs/ruby/homes/ftp/pub/plank/music/midifiles scr11-07.mid
2000.01.05 15:37 B D:\musfiles\scr11-01.mus --> plank.cs.utk.edu /a/cs/ruby/homes/ftp/pub/plank/music/musfiles scr11-01.mus
2000.01.05 15:37 B D:\musfiles\scr11-02.mus --> plank.cs.utk.edu /a/cs/ruby/homes/ftp/pub/plank/music/musfiles scr11-02.mus
2000.01.05 15:37 B D:\musfiles\scr11-03.mus --> plank.cs.utk.edu /a/cs/ruby/homes/ftp/pub/plank/music/musfiles scr11-03.mus
2000.01.05 15:37 B D:\musfiles\scr11-04.mus --> plank.cs.utk.edu /a/cs/ruby/homes/ftp/pub/plank/music/musfiles scr11-04.mus
2000.01.05 15:37 B D:\musfiles\scr11-05.mus --> plank.cs.utk.edu /a/cs/ruby/homes/ftp/pub/plank/music/musfiles scr11-05.mus
2000.01.05 15:37 B D:\musfiles\scr11-06.mus --> plank.cs.utk.edu /a/cs/ruby/homes/ftp/pub/plank/music/musfiles scr11-06.mus
2000.01.05 15:37 B D:\musfiles\scr11-07.mus --> plank.cs.utk.edu /a/cs/ruby/homes/ftp/pub/plank/music/musfiles scr11-07.mus
2000.01.05 15:37 B D:\musfiles\scr11-08.mus --> plank.cs.utk.edu /a/cs/ruby/homes/ftp/pub/plank/music/musfiles scr11-08.mus
2000.01.05 15:37 B D:\musfiles\scr11-09.mus --> plank.cs.utk.edu /a/cs/ruby/homes/ftp/pub/plank/music/musfiles scr11-09.mus
2000.01.05 15:37 B D:\musfiles\scr11-10.mus --> plank.cs.utk.edu /a/cs/ruby/homes/ftp/pub/plank/music/musfiles scr11-10.mus
2000.01.05 15:37 B D:\musfiles\scr11-11.mus --> plank.cs.utk.edu /a/cs/ruby/homes/ftp/pub/plank/music/musfiles scr11-11.mus
2000.01.05 15:37 B D:\musfiles\scr11-14.mus --> plank.cs.utk.edu /a/cs/ruby/homes/ftp/pub/plank/music/musfiles scr11-14.mus
2000.01.05 15:37 B D:\musfiles\rach39-9.mus --> plank.cs.utk.edu /a/cs/ruby/homes/ftp/pub/plank/music/musfiles rach39-9.mus
2000.01.05 16:30 B D:\musfiles\beeth126-4.mus --> plank.cs.utk.edu /a/cs/ruby/homes/ftp/pub/plank/music/musfiles beeth126-4.mus
2000.01.05 16:31 B D:\musfiles\ch42.mus --> plank.cs.utk.edu /a/cs/ruby/homes/ftp/pub/plank/music/musfiles ch42.mus
2000.01.05 16:31 B D:\musfiles\ch58-3.mus --> plank.cs.utk.edu /a/cs/ruby/homes/ftp/pub/plank/music/musfiles ch58-3.mus
2000.01.05 16:35 B D:\musfiles\mus-PAE.mus --> plank.cs.utk.edu /a/cs/ruby/homes/ftp/pub/plank/music/musfiles mus-PAE.mus
2000.02.16 09:43 B D:\musfiles\grieg08-2.mus --> plank.cs.utk.edu /a/cs/ruby/homes/ftp/pub/plank/music/musfiles grieg08-2.mus
2000.04.26 09:54 B D:\musfiles\.backup.mus --> plank.cs.utk.edu /greenblu/homes/plank/Musplay/musfiles .backup.mus
2000.04.26 09:54 B D:\musfiles\.musplay.defaults --> plank.cs.utk.edu /greenblu/homes/plank/Musplay/musfiles .musplay.defaults
2000.04.26 09:54 B D:\musfiles\aa-prom.mid --> plank.cs.utk.edu /greenblu/homes/plank/Musplay/musfiles aa-prom.mid
2000.04.26 09:54 B D:\musfiles\alb-cordoba.mid --> plank.cs.utk.edu /greenblu/homes/plank/Musplay/musfiles alb-cordoba.mid
2000.04.26 09:54 B D:\musfiles\alb-cordoba.mus --> plank.cs.utk.edu /greenblu/homes/plank/Musplay/musfiles alb-cordoba.mus
2000.04.26 09:54 B D:\musfiles\Appas.mus --> plank.cs.utk.edu /greenblu/homes/plank/Musplay/musfiles Appas.mus
2000.04.26 09:54 B D:\musfiles\bach-p6.mid --> plank.cs.utk.edu /greenblu/homes/plank/Musplay/musfiles bach-p6.mid
2000.04.26 09:54 B D:\musfiles\bach-p6.mus --> plank.cs.utk.edu /greenblu/homes/plank/Musplay/musfiles bach-p6.mus
2000.04.26 09:54 B D:\musfiles\basic.prm --> plank.cs.utk.edu /greenblu/homes/plank/Musplay/musfiles basic.prm
2000.04.26 09:54 B D:\musfiles\beeth-moonlight.mus --> plank.cs.utk.edu /greenblu/homes/plank/Musplay/musfiles beeth-moonlight.mus
2000.04.26 09:54 B D:\musfiles\beeth-tm.mus --> plank.cs.utk.edu /greenblu/homes/plank/Musplay/musfiles beeth-tm.mus
2000.04.26 09:54 B D:\musfiles\beeth126-4.mus --> plank.cs.utk.edu /greenblu/homes/plank/Musplay/musfiles beeth126-4.mus
2000.04.26 09:54 B D:\musfiles\beeth57-1-swap.mus --> plank.cs.utk.edu /greenblu/homes/plank/Musplay/musfiles beeth57-1-swap.mus
2000.04.26 09:54 B D:\musfiles\beeth57-1.mus --> plank.cs.utk.edu /greenblu/homes/plank/Musplay/musfiles beeth57-1.mus
2000.04.26 09:54 B D:\musfiles\bibbidi.mid --> plank.cs.utk.edu /greenblu/homes/plank/Musplay/musfiles bibbidi.mid
2000.04.26 09:54 B D:\musfiles\bibbidi.mus --> plank.cs.utk.edu /greenblu/homes/plank/Musplay/musfiles bibbidi.mus
2000.04.26 09:54 B D:\musfiles\bingo.mid --> plank.cs.utk.edu /greenblu/homes/plank/Musplay/musfiles bingo.mid
2000.04.26 09:54 B D:\musfiles\bingo.mus --> plank.cs.utk.edu /greenblu/homes/plank/Musplay/musfiles bingo.mus
2000.04.26 09:54 B D:\musfiles\brahms-hd5.mid --> plank.cs.utk.edu /greenblu/homes/plank/Musplay/musfiles brahms-hd5.mid
2000.04.26 09:54 B D:\musfiles\brahms-hd5.mus --> plank.cs.utk.edu /greenblu/homes/plank/Musplay/musfiles brahms-hd5.mus
2000.04.26 09:54 B D:\musfiles\brother-john.mid --> plank.cs.utk.edu /greenblu/homes/plank/Musplay/musfiles brother-john.mid
2000.04.26 09:54 B D:\musfiles\brother-john.mus --> plank.cs.utk.edu /greenblu/homes/plank/Musplay/musfiles brother-john.mus
2000.04.26 09:54 B D:\musfiles\clair.mus --> plank.cs.utk.edu /greenblu/homes/plank/Musplay/musfiles clair.mus
2000.04.26 09:54 B D:\musfiles\deb-pour-prelude.mus --> plank.cs.utk.edu /greenblu/homes/plank/Musplay/musfiles deb-pour-prelude.mus
2000.04.26 09:54 B D:\musfiles\falla-molinera.mus --> plank.cs.utk.edu /greenblu/homes/plank/Musplay/musfiles falla-molinera.mus
2000.04.26 09:54 B D:\musfiles\falla-sd2.mus --> plank.cs.utk.edu /greenblu/homes/plank/Musplay/musfiles falla-sd2.mus
2000.04.26 09:54 B D:\musfiles\farmer.mus --> plank.cs.utk.edu /greenblu/homes/plank/Musplay/musfiles farmer.mus
2000.04.26 09:54 B D:\musfiles\fur.mus --> plank.cs.utk.edu /greenblu/homes/plank/Musplay/musfiles fur.mus
2000.04.26 09:54 B D:\musfiles\golden_bells.mus --> plank.cs.utk.edu /greenblu/homes/plank/Musplay/musfiles golden_bells.mus
2000.04.26 09:54 B D:\musfiles\grieg08-2.mus --> plank.cs.utk.edu /greenblu/homes/plank/Musplay/musfiles grieg08-2.mus
2000.04.26 09:54 B D:\musfiles\how-great.mus --> plank.cs.utk.edu /greenblu/homes/plank/Musplay/musfiles how-great.mus
2000.04.26 09:54 B D:\musfiles\index.html --> plank.cs.utk.edu /greenblu/homes/plank/Musplay/musfiles index.html
2000.04.26 09:54 B D:\musfiles\ipanema.mid --> plank.cs.utk.edu /greenblu/homes/plank/Musplay/musfiles ipanema.mid
2000.04.26 09:54 B D:\musfiles\ipanema.mus --> plank.cs.utk.edu /greenblu/homes/plank/Musplay/musfiles ipanema.mus
2000.04.26 09:54 B D:\musfiles\katie-pre.mid --> plank.cs.utk.edu /greenblu/homes/plank/Musplay/musfiles katie-pre.mid
2000.04.26 09:54 B D:\musfiles\kld --> plank.cs.utk.edu /greenblu/homes/plank/Musplay/musfiles kld
2000.04.26 09:54 B D:\musfiles\kld.mid --> plank.cs.utk.edu /greenblu/homes/plank/Musplay/musfiles kld.mid
2000.04.26 09:54 B D:\musfiles\lh1.prm --> plank.cs.utk.edu /greenblu/homes/plank/Musplay/musfiles lh1.prm
2000.04.26 09:54 B D:\musfiles\lh2-deb.prm --> plank.cs.utk.edu /greenblu/homes/plank/Musplay/musfiles lh2-deb.prm
2000.04.26 09:54 B D:\musfiles\lh2.prm --> plank.cs.utk.edu /greenblu/homes/plank/Musplay/musfiles lh2.prm
2000.04.26 09:54 B D:\musfiles\lh3rip.prm --> plank.cs.utk.edu /greenblu/homes/plank/Musplay/musfiles lh3rip.prm
2000.04.26 09:54 B D:\musfiles\lhrip.prm --> plank.cs.utk.edu /greenblu/homes/plank/Musplay/musfiles lhrip.prm
2000.04.26 09:54 B D:\musfiles\liszt-hr3.mus --> plank.cs.utk.edu /greenblu/homes/plank/Musplay/musfiles liszt-hr3.mus
2000.04.26 09:54 B D:\musfiles\liszt-nuages.mus --> plank.cs.utk.edu /greenblu/homes/plank/Musplay/musfiles liszt-nuages.mus
2000.04.26 09:54 B D:\musfiles\liszt-valse-oubliee.mus --> plank.cs.utk.edu /greenblu/homes/plank/Musplay/musfiles liszt-valse-oubliee.mus
2000.04.26 09:54 B D:\musfiles\little-dog.mid --> plank.cs.utk.edu /greenblu/homes/plank/Musplay/musfiles little-dog.mid
2000.04.26 09:54 B D:\musfiles\little-dog.mus --> plank.cs.utk.edu /greenblu/homes/plank/Musplay/musfiles little-dog.mus
2000.04.26 09:54 B D:\musfiles\mus-PAE-prom.mid --> plank.cs.utk.edu /greenblu/homes/plank/Musplay/musfiles mus-PAE-prom.mid
2000.04.26 09:54 B D:\musfiles\mus-PAE-prom5.mid --> plank.cs.utk.edu /greenblu/homes/plank/Musplay/musfiles mus-PAE-prom5.mid
2000.04.26 09:54 B D:\musfiles\mus-PAE.mid --> plank.cs.utk.edu /greenblu/homes/plank/Musplay/musfiles mus-PAE.mid
2000.04.26 09:54 B D:\musfiles\mus-PAE.mus --> plank.cs.utk.edu /greenblu/homes/plank/Musplay/musfiles mus-PAE.mus
2000.04.26 09:54 B D:\musfiles\Musplay.exe --> plank.cs.utk.edu /greenblu/homes/plank/Musplay/musfiles Musplay.exe
2000.04.26 09:54 B D:\musfiles\pavane.mid --> plank.cs.utk.edu /greenblu/homes/plank/Musplay/musfiles pavane.mid
2000.04.26 09:54 B D:\musfiles\peter-cottontail.mus --> plank.cs.utk.edu /greenblu/homes/plank/Musplay/musfiles peter-cottontail.mus
2000.04.26 09:54 B D:\musfiles\pre.mid --> plank.cs.utk.edu /greenblu/homes/plank/Musplay/musfiles pre.mid
2000.04.26 09:54 B D:\musfiles\pre.mus --> plank.cs.utk.edu /greenblu/homes/plank/Musplay/musfiles pre.mus
2000.04.26 09:54 B D:\musfiles\prok-toccata.mus --> plank.cs.utk.edu /greenblu/homes/plank/Musplay/musfiles prok-toccata.mus
2000.04.26 09:54 B D:\musfiles\prok-vf01.mus --> plank.cs.utk.edu /greenblu/homes/plank/Musplay/musfiles prok-vf01.mus
2000.04.26 09:54 B D:\musfiles\prok-vf02.mus --> plank.cs.utk.edu /greenblu/homes/plank/Musplay/musfiles prok-vf02.mus
2000.04.26 09:54 B D:\musfiles\prok-vf07.mus --> plank.cs.utk.edu /greenblu/homes/plank/Musplay/musfiles prok-vf07.mus
2000.04.26 09:54 B D:\musfiles\prok-vf15.mus --> plank.cs.utk.edu /greenblu/homes/plank/Musplay/musfiles prok-vf15.mus
2000.04.26 09:54 B D:\musfiles\prok12-8.mus --> plank.cs.utk.edu /greenblu/homes/plank/Musplay/musfiles prok12-8.mus
2000.04.26 09:54 B D:\musfiles\prok7-3.mus --> plank.cs.utk.edu /greenblu/homes/plank/Musplay/musfiles prok7-3.mus
2000.04.26 09:54 B D:\musfiles\prokvf-14.mid --> plank.cs.utk.edu /greenblu/homes/plank/Musplay/musfiles prokvf-14.mid
2000.04.26 09:54 B D:\musfiles\prokvf-14.mus --> plank.cs.utk.edu /greenblu/homes/plank/Musplay/musfiles prokvf-14.mus
2000.04.26 09:54 B D:\musfiles\rav-jeux.mus --> plank.cs.utk.edu /greenblu/homes/plank/Musplay/musfiles rav-jeux.mus
2000.04.26 09:54 B D:\musfiles\rav-ma.mid --> plank.cs.utk.edu /greenblu/homes/plank/Musplay/musfiles rav-ma.mid
2000.04.26 09:54 B D:\musfiles\rav-ma.mus --> plank.cs.utk.edu /greenblu/homes/plank/Musplay/musfiles rav-ma.mus
2000.04.26 09:54 B D:\musfiles\rav-pavane.mid --> plank.cs.utk.edu /greenblu/homes/plank/Musplay/musfiles rav-pavane.mid
2000.04.26 09:54 B D:\musfiles\rav-pavane.mus --> plank.cs.utk.edu /greenblu/homes/plank/Musplay/musfiles rav-pavane.mus
2000.04.26 09:54 B D:\musfiles\rav-tomb-forlane.mus --> plank.cs.utk.edu /greenblu/homes/plank/Musplay/musfiles rav-tomb-forlane.mus
2000.04.26 09:54 B D:\musfiles\rh1.prm --> plank.cs.utk.edu /greenblu/homes/plank/Musplay/musfiles rh1.prm
2000.04.26 09:54 B D:\musfiles\rh2.prm --> plank.cs.utk.edu /greenblu/homes/plank/Musplay/musfiles rh2.prm
2000.04.26 09:54 B D:\musfiles\rh2low.prm --> plank.cs.utk.edu /greenblu/homes/plank/Musplay/musfiles rh2low.prm
2000.04.26 09:54 B D:\musfiles\rh2oct.prm --> plank.cs.utk.edu /greenblu/homes/plank/Musplay/musfiles rh2oct.prm
2000.04.26 09:54 B D:\musfiles\satie-colin.mus --> plank.cs.utk.edu /greenblu/homes/plank/Musplay/musfiles satie-colin.mus
2000.04.26 09:54 B D:\musfiles\satie-gym-1.mid --> plank.cs.utk.edu /greenblu/homes/plank/Musplay/musfiles satie-gym-1.mid
2000.04.26 09:54 B D:\musfiles\Satie-Gym-1.mus --> plank.cs.utk.edu /greenblu/homes/plank/Musplay/musfiles Satie-Gym-1.mus
2000.04.26 09:54 B D:\musfiles\Satie-Gym-2.mid --> plank.cs.utk.edu /greenblu/homes/plank/Musplay/musfiles Satie-Gym-2.mid
2000.04.26 09:54 B D:\musfiles\Satie-Gym-2.mus --> plank.cs.utk.edu /greenblu/homes/plank/Musplay/musfiles Satie-Gym-2.mus
2000.04.26 09:54 B D:\musfiles\Satie-Gym-3.mus --> plank.cs.utk.edu /greenblu/homes/plank/Musplay/musfiles Satie-Gym-3.mus
2000.04.26 09:54 B D:\musfiles\satie-yachting.mus --> plank.cs.utk.edu /greenblu/homes/plank/Musplay/musfiles satie-yachting.mus
2000.04.26 09:54 B D:\musfiles\scar-C.mus --> plank.cs.utk.edu /greenblu/homes/plank/Musplay/musfiles scar-C.mus
2000.04.26 09:54 B D:\musfiles\scarborough.mus --> plank.cs.utk.edu /greenblu/homes/plank/Musplay/musfiles scarborough.mus
2000.04.26 09:54 B D:\musfiles\schb90-1.mus --> plank.cs.utk.edu /greenblu/homes/plank/Musplay/musfiles schb90-1.mus
2000.04.26 09:54 B D:\musfiles\schm15-12.mus --> plank.cs.utk.edu /greenblu/homes/plank/Musplay/musfiles schm15-12.mus
2000.04.26 09:54 B D:\musfiles\schm2.mus --> plank.cs.utk.edu /greenblu/homes/plank/Musplay/musfiles schm2.mus
2000.04.26 09:54 B D:\musfiles\schu143-1.mid --> plank.cs.utk.edu /greenblu/homes/plank/Musplay/musfiles schu143-1.mid
2000.04.26 09:54 B D:\musfiles\schu143-1.mus --> plank.cs.utk.edu /greenblu/homes/plank/Musplay/musfiles schu143-1.mus
2000.04.26 09:54 B D:\musfiles\schu2.mid --> plank.cs.utk.edu /greenblu/homes/plank/Musplay/musfiles schu2.mid
2000.04.26 09:54 B D:\musfiles\shit.mid --> plank.cs.utk.edu /greenblu/homes/plank/Musplay/musfiles shit.mid
2000.04.26 09:54 B D:\musfiles\SMF Player.exe --> plank.cs.utk.edu /greenblu/homes/plank/Musplay/musfiles SMF Player.exe
2000.04.26 09:54 B D:\musfiles\soler_R88_Db.mus --> plank.cs.utk.edu /greenblu/homes/plank/Musplay/musfiles soler_R88_Db.mus
2000.04.26 09:54 B D:\musfiles\titanic.mid --> plank.cs.utk.edu /greenblu/homes/plank/Musplay/musfiles titanic.mid
2000.04.26 09:54 B D:\musfiles\Titanic.mus --> plank.cs.utk.edu /greenblu/homes/plank/Musplay/musfiles Titanic.mus
2000.04.26 09:54 B D:\musfiles\tllh5.prm --> plank.cs.utk.edu /greenblu/homes/plank/Musplay/musfiles tllh5.prm
2000.04.26 09:54 B D:\musfiles\toccata.prm --> plank.cs.utk.edu /greenblu/homes/plank/Musplay/musfiles toccata.prm
2000.04.26 09:54 B D:\musfiles\trace.txt --> plank.cs.utk.edu /greenblu/homes/plank/Musplay/musfiles trace.txt
2000.04.26 09:54 B D:\musfiles\tracer.txt --> plank.cs.utk.edu /greenblu/homes/plank/Musplay/musfiles tracer.txt
2000.04.26 09:54 B D:\musfiles\tur-df-orgia --> plank.cs.utk.edu /greenblu/homes/plank/Musplay/musfiles tur-df-orgia
2000.04.26 09:54 B D:\musfiles\tur-df-orgia.mus --> plank.cs.utk.edu /greenblu/homes/plank/Musplay/musfiles tur-df-orgia.mus
2000.04.26 09:54 B D:\musfiles\tur55-1.mus --> plank.cs.utk.edu /greenblu/homes/plank/Musplay/musfiles tur55-1.mus
2000.04.26 09:54 B D:\musfiles\tur55-1.mus.txt --> plank.cs.utk.edu /greenblu/homes/plank/Musplay/musfiles tur55-1.mus.txt
