2000.01.06 15:46 B D:\musfiles\Midifiles\etud42_5.mid <-- plank /blugreen/homes/plank/work etud42_5.mid
2000.01.06 15:46 B D:\musfiles\Midifiles\maz25n3.mid <-- plank /blugreen/homes/plank/work maz25n3.mid
2000.01.06 15:46 B D:\musfiles\Midifiles\maz25n9.mid <-- plank /blugreen/homes/plank/work maz25n9.mid
2000.01.06 15:46 B D:\musfiles\Midifiles\op42no1.mid <-- plank /blugreen/homes/plank/work op42no1.mid
2000.01.06 15:46 B D:\musfiles\Midifiles\op42no5.mid <-- plank /blugreen/homes/plank/work op42no5.mid
2000.01.06 15:46 B D:\musfiles\Midifiles\op42no6.mid <-- plank /blugreen/homes/plank/work op42no6.mid
2000.01.06 15:47 B D:\musfiles\Midifiles\op8no12.mid <-- plank /blugreen/homes/plank/work op8no12.mid
2000.01.06 15:47 B D:\musfiles\Midifiles\op8no4.mid <-- plank /blugreen/homes/plank/work op8no4.mid
2000.01.06 15:47 B D:\musfiles\Midifiles\poem32n1.mid <-- plank /blugreen/homes/plank/work poem32n1.mid
2000.01.06 15:47 B D:\musfiles\Midifiles\poem32n2.mid <-- plank /blugreen/homes/plank/work poem32n2.mid
2000.01.06 15:47 B D:\musfiles\Midifiles\poem69n2.mid <-- plank /blugreen/homes/plank/work poem69n2.mid
2000.01.06 15:47 B D:\musfiles\Midifiles\pr37n1.mid <-- plank /blugreen/homes/plank/work pr37n1.mid
2000.01.06 15:47 B D:\musfiles\Midifiles\pr37n2.mid <-- plank /blugreen/homes/plank/work pr37n2.mid
2000.01.06 15:47 B D:\musfiles\Midifiles\pr37n3.mid <-- plank /blugreen/homes/plank/work pr37n3.mid
2000.01.06 15:47 B D:\musfiles\Midifiles\scriabn1.mid <-- plank /blugreen/homes/plank/work scriabn1.mid
2000.01.06 15:47 B D:\musfiles\Midifiles\scriabn2.mid <-- plank /blugreen/homes/plank/work scriabn2.mid
2000.01.06 15:47 B D:\musfiles\Midifiles\scriabn3.mid <-- plank /blugreen/homes/plank/work scriabn3.mid
2000.01.06 15:47 B D:\musfiles\Midifiles\scriabn4.mid <-- plank /blugreen/homes/plank/work scriabn4.mid
2000.01.06 15:47 B D:\musfiles\Midifiles\scripr10.mid <-- plank /blugreen/homes/plank/work scripr10.mid
2000.01.06 15:47 B D:\musfiles\Midifiles\scripr17.mid <-- plank /blugreen/homes/plank/work scripr17.mid
2000.01.06 16:06 B D:\musfiles\Midifiles\scr11-07.mid <-- plank /a/cs/ruby/homes/ftp/pub/plank/music/midifiles scr11-07.mid
2000.01.06 16:06 B D:\musfiles\Midifiles\rach39-4.mid <-- plank /a/cs/ruby/homes/ftp/pub/plank/music/midifiles rach39-4.mid
2000.01.06 18:11 B D:\musfiles\Midifiles\LL_canzone.mid <-- plank /blugreen/homes/plank/work LL_canzone.mid
2000.01.06 18:11 B D:\musfiles\Midifiles\LL_feux.mid <-- plank /blugreen/homes/plank/work LL_feux.mid
2000.01.06 18:11 B D:\musfiles\Midifiles\LL_gondola.mid <-- plank /blugreen/homes/plank/work LL_gondola.mid
2000.01.06 18:11 B D:\musfiles\Midifiles\LL_heroica.mid <-- plank /blugreen/homes/plank/work LL_heroica.mid
2000.01.06 18:12 B D:\musfiles\Midifiles\LL_liebstrm.mid <-- plank /blugreen/homes/plank/work LL_liebstrm.mid
2000.01.06 18:12 B D:\musfiles\Midifiles\LL_lisztanz.mid <-- plank /blugreen/homes/plank/work LL_lisztanz.mid
2000.01.06 18:13 B D:\musfiles\Midifiles\LL_lisztson.mid <-- plank /blugreen/homes/plank/work LL_lisztson.mid
2000.01.06 18:13 B D:\musfiles\Midifiles\LL_lszt_et3.mid <-- plank /blugreen/homes/plank/work LL_lszt_et3.mid
2000.01.06 18:13 B D:\musfiles\Midifiles\LL_lszt_hr2.mid <-- plank /blugreen/homes/plank/work LL_lszt_hr2.mid
2000.01.06 18:14 B D:\musfiles\Midifiles\LL_lszt_pe3.mid <-- plank /blugreen/homes/plank/work LL_lszt_pe3.mid
2000.01.06 18:14 B D:\musfiles\Midifiles\LL_lszt_pg1.mid <-- plank /blugreen/homes/plank/work LL_lszt_pg1.mid
2000.01.06 18:14 B D:\musfiles\Midifiles\LL_lszt_vi.mid <-- plank /blugreen/homes/plank/work LL_lszt_vi.mid
2000.01.06 18:14 B D:\musfiles\Midifiles\LL_mazeppa.mid <-- plank /blugreen/homes/plank/work LL_mazeppa.mid
2000.01.06 18:15 B D:\musfiles\Midifiles\LL_mephisto.mid <-- plank /blugreen/homes/plank/work LL_mephisto.mid
2000.01.06 18:16 B D:\musfiles\Midifiles\LL_preldo.mid <-- plank /blugreen/homes/plank/work LL_preldo.mid
2000.01.06 18:16 B D:\musfiles\Midifiles\LL_sonet104.mid <-- plank /blugreen/homes/plank/work LL_sonet104.mid
2000.01.06 18:16 B D:\musfiles\Midifiles\LL_tarantel.mid <-- plank /blugreen/homes/plank/work LL_tarantel.mid
2000.01.06 18:16 B D:\musfiles\Midifiles\LL_valse.mid <-- plank /blugreen/homes/plank/work LL_valse.mid
2000.01.06 18:17 B D:\musfiles\Midifiles\LL_valseoub.mid <-- plank /blugreen/homes/plank/work LL_valseoub.mid
2000.04.26 09:53 B D:\musfiles\Midifiles\etud42_5.mid --> plank.cs.utk.edu /greenblu/homes/plank/Musplay/musfiles/Midifiles etud42_5.mid
2000.04.26 09:53 B D:\musfiles\Midifiles\LL_canzone.mid --> plank.cs.utk.edu /greenblu/homes/plank/Musplay/musfiles/Midifiles LL_canzone.mid
2000.04.26 09:53 B D:\musfiles\Midifiles\LL_feux.mid --> plank.cs.utk.edu /greenblu/homes/plank/Musplay/musfiles/Midifiles LL_feux.mid
2000.04.26 09:53 B D:\musfiles\Midifiles\LL_gondola.mid --> plank.cs.utk.edu /greenblu/homes/plank/Musplay/musfiles/Midifiles LL_gondola.mid
2000.04.26 09:53 B D:\musfiles\Midifiles\LL_heroica.mid --> plank.cs.utk.edu /greenblu/homes/plank/Musplay/musfiles/Midifiles LL_heroica.mid
2000.04.26 09:53 B D:\musfiles\Midifiles\LL_liebstrm.mid --> plank.cs.utk.edu /greenblu/homes/plank/Musplay/musfiles/Midifiles LL_liebstrm.mid
2000.04.26 09:53 B D:\musfiles\Midifiles\LL_lisztanz.mid --> plank.cs.utk.edu /greenblu/homes/plank/Musplay/musfiles/Midifiles LL_lisztanz.mid
2000.04.26 09:53 B D:\musfiles\Midifiles\LL_lisztson.mid --> plank.cs.utk.edu /greenblu/homes/plank/Musplay/musfiles/Midifiles LL_lisztson.mid
2000.04.26 09:53 B D:\musfiles\Midifiles\LL_lszt_et3.mid --> plank.cs.utk.edu /greenblu/homes/plank/Musplay/musfiles/Midifiles LL_lszt_et3.mid
2000.04.26 09:53 B D:\musfiles\Midifiles\LL_lszt_hr2.mid --> plank.cs.utk.edu /greenblu/homes/plank/Musplay/musfiles/Midifiles LL_lszt_hr2.mid
2000.04.26 09:53 B D:\musfiles\Midifiles\LL_lszt_pe3.mid --> plank.cs.utk.edu /greenblu/homes/plank/Musplay/musfiles/Midifiles LL_lszt_pe3.mid
2000.04.26 09:53 B D:\musfiles\Midifiles\LL_lszt_pg1.mid --> plank.cs.utk.edu /greenblu/homes/plank/Musplay/musfiles/Midifiles LL_lszt_pg1.mid
2000.04.26 09:53 B D:\musfiles\Midifiles\LL_lszt_vi.mid --> plank.cs.utk.edu /greenblu/homes/plank/Musplay/musfiles/Midifiles LL_lszt_vi.mid
2000.04.26 09:53 B D:\musfiles\Midifiles\LL_mazeppa.mid --> plank.cs.utk.edu /greenblu/homes/plank/Musplay/musfiles/Midifiles LL_mazeppa.mid
2000.04.26 09:53 B D:\musfiles\Midifiles\LL_mephisto.mid --> plank.cs.utk.edu /greenblu/homes/plank/Musplay/musfiles/Midifiles LL_mephisto.mid
2000.04.26 09:53 B D:\musfiles\Midifiles\LL_preldo.mid --> plank.cs.utk.edu /greenblu/homes/plank/Musplay/musfiles/Midifiles LL_preldo.mid
2000.04.26 09:53 B D:\musfiles\Midifiles\LL_sonet104.mid --> plank.cs.utk.edu /greenblu/homes/plank/Musplay/musfiles/Midifiles LL_sonet104.mid
2000.04.26 09:53 B D:\musfiles\Midifiles\LL_tarantel.mid --> plank.cs.utk.edu /greenblu/homes/plank/Musplay/musfiles/Midifiles LL_tarantel.mid
2000.04.26 09:53 B D:\musfiles\Midifiles\LL_valse.mid --> plank.cs.utk.edu /greenblu/homes/plank/Musplay/musfiles/Midifiles LL_valse.mid
2000.04.26 09:53 B D:\musfiles\Midifiles\LL_valseoub.mid --> plank.cs.utk.edu /greenblu/homes/plank/Musplay/musfiles/Midifiles LL_valseoub.mid
2000.04.26 09:53 B D:\musfiles\Midifiles\maz25n3.mid --> plank.cs.utk.edu /greenblu/homes/plank/Musplay/musfiles/Midifiles maz25n3.mid
2000.04.26 09:53 B D:\musfiles\Midifiles\maz25n9.mid --> plank.cs.utk.edu /greenblu/homes/plank/Musplay/musfiles/Midifiles maz25n9.mid
2000.04.26 09:53 B D:\musfiles\Midifiles\op42no1.mid --> plank.cs.utk.edu /greenblu/homes/plank/Musplay/musfiles/Midifiles op42no1.mid
2000.04.26 09:53 B D:\musfiles\Midifiles\op42no5.mid --> plank.cs.utk.edu /greenblu/homes/plank/Musplay/musfiles/Midifiles op42no5.mid
2000.04.26 09:53 B D:\musfiles\Midifiles\op42no6.mid --> plank.cs.utk.edu /greenblu/homes/plank/Musplay/musfiles/Midifiles op42no6.mid
2000.04.26 09:53 B D:\musfiles\Midifiles\op8no12.mid --> plank.cs.utk.edu /greenblu/homes/plank/Musplay/musfiles/Midifiles op8no12.mid
2000.04.26 09:53 B D:\musfiles\Midifiles\op8no4.mid --> plank.cs.utk.edu /greenblu/homes/plank/Musplay/musfiles/Midifiles op8no4.mid
2000.04.26 09:53 B D:\musfiles\Midifiles\poem32n1.mid --> plank.cs.utk.edu /greenblu/homes/plank/Musplay/musfiles/Midifiles poem32n1.mid
2000.04.26 09:53 B D:\musfiles\Midifiles\poem32n2.mid --> plank.cs.utk.edu /greenblu/homes/plank/Musplay/musfiles/Midifiles poem32n2.mid
2000.04.26 09:53 B D:\musfiles\Midifiles\poem69n2.mid --> plank.cs.utk.edu /greenblu/homes/plank/Musplay/musfiles/Midifiles poem69n2.mid
2000.04.26 09:53 B D:\musfiles\Midifiles\pr37n1.mid --> plank.cs.utk.edu /greenblu/homes/plank/Musplay/musfiles/Midifiles pr37n1.mid
2000.04.26 09:53 B D:\musfiles\Midifiles\pr37n2.mid --> plank.cs.utk.edu /greenblu/homes/plank/Musplay/musfiles/Midifiles pr37n2.mid
2000.04.26 09:53 B D:\musfiles\Midifiles\pr37n3.mid --> plank.cs.utk.edu /greenblu/homes/plank/Musplay/musfiles/Midifiles pr37n3.mid
2000.04.26 09:53 B D:\musfiles\Midifiles\rach39-4.mid --> plank.cs.utk.edu /greenblu/homes/plank/Musplay/musfiles/Midifiles rach39-4.mid
2000.04.26 09:53 B D:\musfiles\Midifiles\scr08-05-01-16-00.mid --> plank.cs.utk.edu /greenblu/homes/plank/Musplay/musfiles/Midifiles scr08-05-01-16-00.mid
2000.04.26 09:53 B D:\musfiles\Midifiles\scr08-05-01-17-00.mid --> plank.cs.utk.edu /greenblu/homes/plank/Musplay/musfiles/Midifiles scr08-05-01-17-00.mid
2000.04.26 09:53 B D:\musfiles\Midifiles\scr08-05-01-25-00.mid --> plank.cs.utk.edu /greenblu/homes/plank/Musplay/musfiles/Midifiles scr08-05-01-25-00.mid
2000.04.26 09:53 B D:\musfiles\Midifiles\scr11-01-01-09-00.mid --> plank.cs.utk.edu /greenblu/homes/plank/Musplay/musfiles/Midifiles scr11-01-01-09-00.mid
2000.04.26 09:53 B D:\musfiles\Midifiles\scr11-01-01-12-00.mid --> plank.cs.utk.edu /greenblu/homes/plank/Musplay/musfiles/Midifiles scr11-01-01-12-00.mid
2000.04.26 09:53 B D:\musfiles\Midifiles\scr11-01-01-14-00.mid --> plank.cs.utk.edu /greenblu/homes/plank/Musplay/musfiles/Midifiles scr11-01-01-14-00.mid
2000.04.26 09:53 B D:\musfiles\Midifiles\scr11-01-01-15-00.mid --> plank.cs.utk.edu /greenblu/homes/plank/Musplay/musfiles/Midifiles scr11-01-01-15-00.mid
2000.04.26 09:53 B D:\musfiles\Midifiles\scr11-01-01-16-00.mid --> plank.cs.utk.edu /greenblu/homes/plank/Musplay/musfiles/Midifiles scr11-01-01-16-00.mid
2000.04.26 09:53 B D:\musfiles\Midifiles\scr11-01-01-18-00.mid --> plank.cs.utk.edu /greenblu/homes/plank/Musplay/musfiles/Midifiles scr11-01-01-18-00.mid
2000.04.26 09:53 B D:\musfiles\Midifiles\scr11-01-01-25-00.mid --> plank.cs.utk.edu /greenblu/homes/plank/Musplay/musfiles/Midifiles scr11-01-01-25-00.mid
2000.04.26 09:53 B D:\musfiles\Midifiles\scr11-01.mid --> plank.cs.utk.edu /greenblu/homes/plank/Musplay/musfiles/Midifiles scr11-01.mid
2000.04.26 09:53 B D:\musfiles\Midifiles\scr11-03-01-21-00.mid --> plank.cs.utk.edu /greenblu/homes/plank/Musplay/musfiles/Midifiles scr11-03-01-21-00.mid
2000.04.26 09:53 B D:\musfiles\Midifiles\scr11-03-01-25-00.mid --> plank.cs.utk.edu /greenblu/homes/plank/Musplay/musfiles/Midifiles scr11-03-01-25-00.mid
2000.04.26 09:53 B D:\musfiles\Midifiles\scr11-03.mid --> plank.cs.utk.edu /greenblu/homes/plank/Musplay/musfiles/Midifiles scr11-03.mid
2000.04.26 09:53 B D:\musfiles\Midifiles\scr11-04-01-21-00.mid --> plank.cs.utk.edu /greenblu/homes/plank/Musplay/musfiles/Midifiles scr11-04-01-21-00.mid
2000.04.26 09:53 B D:\musfiles\Midifiles\scr11-05.mid --> plank.cs.utk.edu /greenblu/homes/plank/Musplay/musfiles/Midifiles scr11-05.mid
2000.04.26 09:53 B D:\musfiles\Midifiles\scr11-06-01-19-00-.mid --> plank.cs.utk.edu /greenblu/homes/plank/Musplay/musfiles/Midifiles scr11-06-01-19-00-.mid
2000.04.26 09:53 B D:\musfiles\Midifiles\scr11-06.mid --> plank.cs.utk.edu /greenblu/homes/plank/Musplay/musfiles/Midifiles scr11-06.mid
2000.04.26 09:53 B D:\musfiles\Midifiles\scr11-07-01-07-00.mid --> plank.cs.utk.edu /greenblu/homes/plank/Musplay/musfiles/Midifiles scr11-07-01-07-00.mid
2000.04.26 09:53 B D:\musfiles\Midifiles\scr11-07-01-09.mid --> plank.cs.utk.edu /greenblu/homes/plank/Musplay/musfiles/Midifiles scr11-07-01-09.mid
2000.04.26 09:53 B D:\musfiles\Midifiles\scr11-07-01-12-00.mid --> plank.cs.utk.edu /greenblu/homes/plank/Musplay/musfiles/Midifiles scr11-07-01-12-00.mid
2000.04.26 09:53 B D:\musfiles\Midifiles\scr11-07-01-14-00.mid --> plank.cs.utk.edu /greenblu/homes/plank/Musplay/musfiles/Midifiles scr11-07-01-14-00.mid
2000.04.26 09:53 B D:\musfiles\Midifiles\scr11-07.mid --> plank.cs.utk.edu /greenblu/homes/plank/Musplay/musfiles/Midifiles scr11-07.mid
2000.04.26 09:53 B D:\musfiles\Midifiles\scr11-08-01-09-00.mid --> plank.cs.utk.edu /greenblu/homes/plank/Musplay/musfiles/Midifiles scr11-08-01-09-00.mid
2000.04.26 09:53 B D:\musfiles\Midifiles\scr11-08-01-10-00.mid --> plank.cs.utk.edu /greenblu/homes/plank/Musplay/musfiles/Midifiles scr11-08-01-10-00.mid
2000.04.26 09:53 B D:\musfiles\Midifiles\scr11-08-01-17-00.mid --> plank.cs.utk.edu /greenblu/homes/plank/Musplay/musfiles/Midifiles scr11-08-01-17-00.mid
2000.04.26 09:53 B D:\musfiles\Midifiles\scr11-08-01-18-00.mid --> plank.cs.utk.edu /greenblu/homes/plank/Musplay/musfiles/Midifiles scr11-08-01-18-00.mid
2000.04.26 09:53 B D:\musfiles\Midifiles\scr11-09.mid --> plank.cs.utk.edu /greenblu/homes/plank/Musplay/musfiles/Midifiles scr11-09.mid
2000.04.26 09:53 B D:\musfiles\Midifiles\scr11-11.mid --> plank.cs.utk.edu /greenblu/homes/plank/Musplay/musfiles/Midifiles scr11-11.mid
2000.04.26 09:53 B D:\musfiles\Midifiles\scr11-13-01-18-00.mid --> plank.cs.utk.edu /greenblu/homes/plank/Musplay/musfiles/Midifiles scr11-13-01-18-00.mid
2000.04.26 09:53 B D:\musfiles\Midifiles\scr11-14-01-06-99.mid --> plank.cs.utk.edu /greenblu/homes/plank/Musplay/musfiles/Midifiles scr11-14-01-06-99.mid
2000.04.26 09:53 B D:\musfiles\Midifiles\scr11-14-01-13-00.mid --> plank.cs.utk.edu /greenblu/homes/plank/Musplay/musfiles/Midifiles scr11-14-01-13-00.mid
2000.04.26 09:53 B D:\musfiles\Midifiles\scr11-14-01-15-00.mid --> plank.cs.utk.edu /greenblu/homes/plank/Musplay/musfiles/Midifiles scr11-14-01-15-00.mid
2000.04.26 09:53 B D:\musfiles\Midifiles\scr11-14.mid --> plank.cs.utk.edu /greenblu/homes/plank/Musplay/musfiles/Midifiles scr11-14.mid
2000.04.26 09:53 B D:\musfiles\Midifiles\scr11-14b.mid --> plank.cs.utk.edu /greenblu/homes/plank/Musplay/musfiles/Midifiles scr11-14b.mid
2000.04.26 09:53 B D:\musfiles\Midifiles\scr11-15.mid --> plank.cs.utk.edu /greenblu/homes/plank/Musplay/musfiles/Midifiles scr11-15.mid
2000.04.26 09:53 B D:\musfiles\Midifiles\scr11-16.mid --> plank.cs.utk.edu /greenblu/homes/plank/Musplay/musfiles/Midifiles scr11-16.mid
2000.04.26 09:53 B D:\musfiles\Midifiles\scr11-17-01-17-00.mid --> plank.cs.utk.edu /greenblu/homes/plank/Musplay/musfiles/Midifiles scr11-17-01-17-00.mid
2000.04.26 09:53 B D:\musfiles\Midifiles\scr11-24-01-16-00.mid --> plank.cs.utk.edu /greenblu/homes/plank/Musplay/musfiles/Midifiles scr11-24-01-16-00.mid
2000.04.26 09:53 B D:\musfiles\Midifiles\scr11-24-01-21-00.mid --> plank.cs.utk.edu /greenblu/homes/plank/Musplay/musfiles/Midifiles scr11-24-01-21-00.mid
2000.04.26 09:53 B D:\musfiles\Midifiles\scr11-24-01-23-00.mid --> plank.cs.utk.edu /greenblu/homes/plank/Musplay/musfiles/Midifiles scr11-24-01-23-00.mid
2000.04.26 09:53 B D:\musfiles\Midifiles\scr15-04.mid --> plank.cs.utk.edu /greenblu/homes/plank/Musplay/musfiles/Midifiles scr15-04.mid
2000.04.26 09:53 B D:\musfiles\Midifiles\scr42-05.mid --> plank.cs.utk.edu /greenblu/homes/plank/Musplay/musfiles/Midifiles scr42-05.mid
2000.04.26 09:53 B D:\musfiles\Midifiles\scriabn1.mid --> plank.cs.utk.edu /greenblu/homes/plank/Musplay/musfiles/Midifiles scriabn1.mid
2000.04.26 09:53 B D:\musfiles\Midifiles\scriabn2.mid --> plank.cs.utk.edu /greenblu/homes/plank/Musplay/musfiles/Midifiles scriabn2.mid
2000.04.26 09:53 B D:\musfiles\Midifiles\scriabn3.mid --> plank.cs.utk.edu /greenblu/homes/plank/Musplay/musfiles/Midifiles scriabn3.mid
2000.04.26 09:53 B D:\musfiles\Midifiles\scriabn4.mid --> plank.cs.utk.edu /greenblu/homes/plank/Musplay/musfiles/Midifiles scriabn4.mid
2000.04.26 09:53 B D:\musfiles\Midifiles\scripr10.mid --> plank.cs.utk.edu /greenblu/homes/plank/Musplay/musfiles/Midifiles scripr10.mid
2000.04.26 09:53 B D:\musfiles\Midifiles\scripr17.mid --> plank.cs.utk.edu /greenblu/homes/plank/Musplay/musfiles/Midifiles scripr17.mid
2000.04.26 09:53 B D:\musfiles\Midifiles\scrson5.mid --> plank.cs.utk.edu /greenblu/homes/plank/Musplay/musfiles/Midifiles scrson5.mid
